time	processId	duration	action
   0	        1	       8	start
   1	        1	       8	executing
   2	        1	       8	executing
   3	        1	       8	executing
   4	        1	       8	executing
   5	        1	       8	executing
   6	        1	       8	executing
   7	        1	       8	executing
   8	        1	       8	end
   8	        2	       2	start
   9	        2	       2	executing
  10	        2	       2	end
  10	        3	       3	start
  11	        3	       3	executing
  12	        3	       3	executing
  13	        3	       3	end
  13	        4	       6	start
  14	        4	       6	executing
  15	        4	       6	executing
  16	        4	       6	executing
  17	        4	       6	executing
  18	        4	       6	executing
  19	        4	       6	end
